 arg1 a2 ==  postgres ycsbtx-skew-01-24k-pt-intkey-sid-clean-20k.txt
 arg3 a4 pause ==  1 4 0.00125
next Tx = SELECT * FROM usertable WHERE YCSB_KEY=868;  
next Tx = SELECT * FROM usertable WHERE YCSB_KEY=831;  
next Tx = DELETE FROM usertable where YCSB_KEY=937;  
next Tx = SELECT * FROM usertable WHERE YCSB_KEY=799;  
next Tx = SELECT * FROM usertable WHERE YCSB_KEY=913;  
next Tx = INSERT INTO usertable (ycsb_key, FIELD10, FIELD1, FIELD2, FIELD3, FIELD4, FIELD5, FIELD6, FIELD7, FIELD8, FIELD9) VALUES (305, '4aCsuCFlO3Wv4Yb22VlI', 'qZ4hZqjMXJcH4MSgqYMw', 'U6XlDBlrgSuLRZW4L0nc', 'EmMooFo0LI6V8vBOkLkK', 'DPXPCKcIITisEpBDmd6B', '1zjIJ9iINW6DxKDykfM4', 'xnety5IvDiFKEZCrrLxW', 'fsfyRaGBCOVwKU2qPBcX', 'GEjVnglow10RjiC9ls0W', 'l6NNoeBc0jyWj8A6LaUM');  
next Tx = SELECT * FROM usertable WHERE YCSB_KEY=863;  
next Tx = SELECT * FROM usertable WHERE YCSB_KEY=835;  
next Tx = DELETE FROM usertable WHERE YCSB_KEY=874;  
next Tx = SELECT * FROM usertable WHERE YCSB_KEY=58;  
next Tx = SELECT * FROM usertable WHERE YCSB_KEY=684;  
next Tx = SELECT * FROM usertable WHERE YCSB_KEY=901;  
next Tx = SELECT * FROM usertable WHERE YCSB_KEY=506;  
next Tx = DELETE FROM usertable WHERE YCSB_KEY=493;  
next Tx = INSERT INTO usertable VALUES (12124,'uaqLQ9TLJEqIeSkWu8bP','EbUlktTtnAr2296jtfE4','VZIs5xvg80pdwvvimVFt','WBSggMUhkShVYz64j4Jo','kfBnRI0GGEH36tdxrPX2','Sf5Hx3MBhmJ4c1zIGf2n','1tgnWHGu8jzAeDnfhcEH','tBxJ8vbVe0Lh8n3viTCO','iqvpLj5OazGPXVGve0b7','FvCfq5izMP9PbuEGNzSM');  
next Tx = DELETE FROM usertable WHERE YCSB_KEY=449;  
next Tx = INSERT INTO usertable VALUES (12163,'OqY5xx2eTEDutKCCDSTV','swQJXPEgOiHeB1fm77Ao','via4xvmuNmyrv6hWnGK4','O00L1crRKE9QlkTHLtJI','uI2CBBh5oACp5Os5Gyla','09bjHnAcYAS3SHbjldQM','AVJhXak7XoPlCwG6vkWR','lB4cSftwnYWESeTjnrvK','KfqcDSGVNlw2bL80vbyy','v74hgLYGjZW5sj7UskCg');  
next Tx = SELECT * FROM usertable where YCSB_KEY=560;  
next Tx = DELETE FROM usertable WHERE YCSB_KEY=560;  
next Tx = SELECT * FROM usertable where YCSB_KEY=833;  
next Tx = INSERT INTO usertable VALUES (12194,'Rv3Na5oQ06I0Uoi7oaQs','9LuZMek4Mhl6JNtOfSLa','za419cno0M7xsciaY4yn','jIs8hRzzBkKbzCOumwrX','A3UPV9Zky1H9JVSz6X1l','zjm8wQjRE4s9DzAcfi0T','m3FkGW9N0c9PDXVhcsO3','8l0gKPeiO3lV6zfDvPDV','hyuwQOxzOGEqd4SWBKlq','2xRrac3yiwbDedSgeUL3');  
next Tx = DELETE FROM usertable WHERE YCSB_KEY=833;  
next Tx = SELECT * FROM usertable WHERE YCSB_KEY=412;  
next Tx = DELETE FROM usertable WHERE YCSB_KEY=885;  
next Tx = SELECT * FROM usertable WHERE YCSB_KEY=447;  
next Tx = SELECT * FROM usertable WHERE YCSB_KEY=354;  
next Tx = SELECT * FROM usertable WHERE YCSB_KEY=714;  
next Tx = DELETE FROM usertable WHERE YCSB_KEY=182;  
next Tx = INSERT INTO usertable (ycsb_key, FIELD10, FIELD1, FIELD2, FIELD3, FIELD4, FIELD5, FIELD6, FIELD7, FIELD8, FIELD9) VALUES (409, 'uIdcArXkp5dheneli1pM', 'RWEnbO6J1lrTbtJKOtr1', 'P7UoBL0AJ5KhopiVylZh', 'nzdtFZTldERIAmBeIdae', 'xJStBXAzSuXH7lDcCoWQ', 'dQJpaqyLFyfmD87ZZB9t', 'oUQGZW1UvELwVotJFDwi', 'FBXLjpgO9QVuV7dF7BlI', 'pkKpXI9YkyY4E9x0Axcz', '1OyZoiRB7XQtVy7LKg50');  
next Tx = SELECT * FROM usertable WHERE YCSB_KEY=847;  
next Tx = SELECT * FROM usertable WHERE YCSB_KEY=508;  
next Tx = SELECT * FROM usertable WHERE YCSB_KEY=322;  
next Tx = INSERT INTO usertable (ycsb_key, FIELD10, FIELD1, FIELD2, FIELD3, FIELD4, FIELD5, FIELD6, FIELD7, FIELD8, FIELD9) VALUES (473, 'k77CYHi5b5Qdb11t0VAp', 'w45YL1P4JzDvRX5jIBvR', 'ao09GyExO9CvU83wNEuq', 'YhjlPeciNWWmlnSh1fvJ', 'UJAnn45lrRrXy315mshK', 'qdFfpeyDQz6jKhwZsAC0', 'OcMAMoYzrjkQxs7RVPiw', '5FZYEShrmPKCXBX637Au', 'MPlrrUpevxoBdqDVk7xv', 'JRvtYzROxwsdqVu4iEY0');  
next Tx = SELECT * FROM usertable WHERE YCSB_KEY=847;  
next Tx = SELECT * FROM usertable WHERE YCSB_KEY=258;  
next Tx = SELECT * FROM usertable WHERE YCSB_KEY=662;  
next Tx = SELECT * FROM usertable WHERE YCSB_KEY=453;  
next Tx = SELECT * FROM usertable WHERE YCSB_KEY=698;  
next Tx = SELECT * FROM usertable where YCSB_KEY=277;  
next Tx = SELECT * FROM usertable WHERE YCSB_KEY=682;  
next Tx = SELECT * FROM usertable WHERE YCSB_KEY=979;  
next Tx = SELECT * FROM usertable WHERE YCSB_KEY=410;  
next Tx = DELETE FROM usertable WHERE YCSB_KEY=714;  
next Tx = SELECT * FROM usertable WHERE YCSB_KEY=784;  
next Tx = SELECT * FROM usertable WHERE YCSB_KEY=430;  
next Tx = SELECT * FROM usertable where YCSB_KEY=901;  
next Tx = INSERT INTO usertable (ycsb_key, FIELD10, FIELD1, FIELD2, FIELD3, FIELD4, FIELD5, FIELD6, FIELD7, FIELD8, FIELD9) VALUES (295, 'pUULne3UxbwchySFFn1X', 'q2Nblmok6QJ90NrwKoOI', 'VUf5METg66JKJoCncL6V', 'CabIg2sMAIbb0MZbEgrp', 'VeN6vMV9na1fYetXr2Tu', 'Po276S4I8VNwb1VSMUcz', 'ZgnQtxHyrvLtgytbhQWp', 'F77OBEBSt9K6MthdINLr', 'mSK7RWPQyYblXjKkeiDG', 'Q3CfgljqOp1DobXBnzJj');  
next Tx = INSERT INTO usertable (ycsb_key, FIELD10, FIELD1, FIELD2, FIELD3, FIELD4, FIELD5, FIELD6, FIELD7, FIELD8, FIELD9) VALUES (764, 'nMcgJOtSvWEXx8pcopDe', 'k5znGR90133NlmcDTQ2f', '7JqMPzSF2ksQKze4XZwO', '7urCkoRUO4Fhv1VAM0C0', 'ZlpeKVTxL4u7HUH99bG1', 'wBgDLNu8VfHVW23xZA6Y', 'iub2UyPJHdBZWsdZPFRm', 'WV39rJNiTkxAalWyNmnZ', '3UBFD2EId64hxwoL9jCy', '7Gc0jYLczoesyPYLKGtc');  
next Tx = DELETE FROM usertable WHERE YCSB_KEY=692;  
next Tx = SELECT * FROM usertable WHERE YCSB_KEY=701;  
next Tx = DELETE FROM usertable where YCSB_KEY=160;  
next Tx = SELECT * FROM usertable WHERE YCSB_KEY=963;  
next Tx = INSERT INTO usertable (ycsb_key, FIELD10, FIELD1, FIELD2, FIELD3, FIELD4, FIELD5, FIELD6, FIELD7, FIELD8, FIELD9) VALUES (818, 'OevKjFYpn5HAe48d228q', 'uceDebS47faolJ07LhCU', '4IcjiVMiZBYBqjOG87Re', '96qjrgDHj4kqHnXh3tSN', 'HxgvZEw9PbbqtB6LMi6H', 'uubUQcRqJ4hpJhX0dnb7', 'Su7f6j1i5So2sX8DR5St', 'yUq7A2MxOL46uXIQrAQR', 'QF4AH1tAliJQiYjnyoj3', 'tFF1GKPQo7vydSslAWgi');  
next Tx = SELECT * FROM usertable WHERE YCSB_KEY=1548;  
next Tx = SELECT * FROM usertable WHERE YCSB_KEY=973;  
next Tx = SELECT * FROM usertable WHERE YCSB_KEY=786;  
next Tx = SELECT * FROM usertable WHERE YCSB_KEY=659;  
next Tx = SELECT * FROM usertable WHERE YCSB_KEY=242;  
next Tx = INSERT INTO usertable (ycsb_key, FIELD10, FIELD1, FIELD2, FIELD3, FIELD4, FIELD5, FIELD6, FIELD7, FIELD8, FIELD9) VALUES (872, 'B0ySDJjJrxcmdiLAB6i5', 'ZOC3miUVUPqT3P60nl13', 'f0CVrHAYNcHUxTxmgcMh', 'akwZQathKnBKfdLG4g02', 'xUqSqAD34JjxAFtjUmhx', 'rrQA7kzm8BRykIHruE89', 'c5xFzWug2T8FI1SVk3Id', 'M3ZCt7r1VZuT0OkJRiF7', 'k8Bxaa1lvOr5eSEfBPkh', '8hr3zT9irX9O60oZzPJL');  
next Tx = INSERT INTO usertable (ycsb_key, FIELD10, FIELD1, FIELD2, FIELD3, FIELD4, FIELD5, FIELD6, FIELD7, FIELD8, FIELD9) VALUES (264, 'R5W3vxaHoqjFmza2dmTn', 'vToXi1PndIwLdH691sSX', 'zXwuBGTAuSpHVFoC3A6m', 'LU5lqoHUS6a9xpTGTc0K', 'dD5BBmMu4nO5i9eladfO', 'jZBfvhuxWIUtJq9fdEDE', 'msZcNdW5UtdjyFZPtMLy', 'glLfSU8Dzqvvomk0nUsl', 'E3Ppq1StL2gSSI185LJc', 'BXxf79pKQRXi6lVTRAii');  
next Tx = SELECT * FROM usertable WHERE YCSB_KEY=130;  
next Tx = SELECT * FROM usertable WHERE YCSB_KEY=458;  
next Tx = SELECT * FROM usertable WHERE YCSB_KEY=658;  
next Tx = SELECT * FROM usertable WHERE YCSB_KEY=1278;  
next Tx = SELECT * FROM usertable WHERE YCSB_KEY=738;  
next Tx = SELECT * FROM usertable WHERE YCSB_KEY=814;  
next Tx = INSERT INTO usertable VALUES (12614,'uZE5L1rZdRDyL1ok4bbV','ODtJGyz2viGu90HMTSJ7','iR9Z7gIhBP41JGNSHYYk','fQlhsUtiHrL6ARER2B7B','N2W5EmN7tSyDaUmcEGQU','xi7xEEOJAxrIjIAMm6j4','hKutYfUll9foAbE7M9b7','S472hhw1m0JYYm1yYw1R','wRpllOpXI1IrkNDwUgaZ','ovj5p4YBZFyt7JLIK3ui');  
next Tx = SELECT * FROM usertable where YCSB_KEY=692;  
next Tx = DELETE FROM usertable WHERE YCSB_KEY=692;  
next Tx = INSERT INTO usertable (ycsb_key, FIELD10, FIELD1, FIELD2, FIELD3, FIELD4, FIELD5, FIELD6, FIELD7, FIELD8, FIELD9) VALUES (111, 'MD7aSNiv7adnFEeiaBf2', 'eVaMPUOOQ8CxuOcwBecb', 'sGk9lrgL8tIn46ArpzV2', 'qs4BpdSvsW47GID0ECnP', 'tilXm2SNwFQjrqMcT6qM', 'HZ4owLDhOKmklYAeb9sw', 'n8e87ww3GWoYkOlCv95b', 'kSS8NCMHHukQ9IdK73Z7', 'qwW2IUC1V70mEoLSvNQ4', '4ztf7eRAOvxl1WnM6I94');  
next Tx = SELECT * FROM usertable WHERE YCSB_KEY=988;  
next Tx = SELECT * FROM usertable WHERE YCSB_KEY=895;  
next Tx = SELECT * FROM usertable where YCSB_KEY=548;  
next Tx = DELETE FROM usertable WHERE YCSB_KEY=548;  
next Tx = DELETE FROM usertable WHERE YCSB_KEY=843;  
next Tx = SELECT * FROM usertable WHERE YCSB_KEY=856;  
next Tx = SELECT * FROM usertable WHERE YCSB_KEY=199;  
next Tx = INSERT INTO usertable (ycsb_key, FIELD10, FIELD1, FIELD2, FIELD3, FIELD4, FIELD5, FIELD6, FIELD7, FIELD8, FIELD9) VALUES (687, 'tx4NlzOEBUuZa1hfGJwD', 'xka1OlerJRKzN4eBKEDb', 'aiyUdeSc8fyohxpN3uSx', 'nco0KrUmIZAtzNZewMVH', 'Qr1tJnzef3e3Pl5AS1kN', 'lfhwR582oddsQaGlTgQG', '1ZhJPUeoXo2XGhN9Z1N2', 'AP03T3XT1bzcbqSxD7WB', 'AaepjgnBE7qe0rUjXG8Y', 'OyW1XLJdvrYwF84i1ocW');  
next Tx = DELETE FROM usertable WHERE YCSB_KEY=471;  
next Tx = INSERT INTO usertable (ycsb_key, FIELD10, FIELD1, FIELD2, FIELD3, FIELD4, FIELD5, FIELD6, FIELD7, FIELD8, FIELD9) VALUES (235, 'uBiWXFPzbzlwO6a4hpP2', 'fppkk3v9VfrWvXhBvbUL', 'WEBNvmZImtsFaQk4w0AE', 'jvslX61qcBeYY4X63A3N', 'ELVWzmXBjv41DJVCh09A', 'CDV1V42R8jeF4P8gu3Dm', 'sA1Hi0fzOPzmpUlHd18j', 'pPWqZYauFNhLNzbwmcME', 'I8nV09yd1DRyJqs5UeBp', 'xc9tDQhKc6e3gSxirZH5');  
next Tx = SELECT * FROM usertable WHERE YCSB_KEY=778;  
next Tx = SELECT * FROM usertable WHERE YCSB_KEY=144;  
next Tx = SELECT * FROM usertable WHERE YCSB_KEY=833;  
Thread: ThreadPoolExecutor-0_0 | ID: 134639113754304 | seq: 1
timestamp1 = 1771026645.663611 line= SELECT * FROM usertable WHERE YCSB_KEY=868;
Thread: ThreadPoolExecutor-0_1 | ID: 134638769010368 | seq: 2
timestamp1 = 1771026645.6639097 line= SELECT * FROM usertable WHERE YCSB_KEY=831;
Thread: ThreadPoolExecutor-0_2 | ID: 134638760617664 | seq: 3
timestamp1 = 1771026645.6642578 line= DELETE FROM usertable where YCSB_KEY=937;
Thread: ThreadPoolExecutor-0_3 | ID: 134638752224960 | seq: 4
timestamp1 = 1771026645.6646843 line= SELECT * FROM usertable where YCSB_KEY=473;
  2timestamp1 = 1771026645.6642578 tid= 134638760617664
DELETE 1
    time diff (ms) = 118.28327178955078 tid= 134638760617664
  2timestamp1 = 1771026645.663611 tid= 134639113754304
SELECT 0
[]
    time diff (ms) = 129.4729709625244 tid= 134639113754304
  2timestamp1 = 1771026645.6639097 tid= 134638769010368
SELECT 1
[(831, 's4INFaeA6LzaaxIRWxtC', 'QjL9cSTEKeIlQLV77wFA', 'Exuy5KkWLB8rFy4pzi6S', 'fsfhTB3ip0PwJfUf4Tz5', 'wu7lOQO8tNp7Mhf2XOR0', 'fEgWlS8VKsAChsL9Kl5z', 'EWah3XklTdDi2zv2YBxu', 'qvaIBrrh03PVPcASIOWY', 'jVqeVpzOviXtLJuFmfJ1', 'yFXrzDekuLPImOZNeCD0')]
    time diff (ms) = 129.61411476135254 tid= 134638769010368
  2timestamp1 = 1771026645.6646843 tid= 134638752224960
SELECT 1
[(473, 'ImnFCt8UwMV1txW2YYRX', 'L7YxEbBwIObBnrM03XId', '0KcicnqVPOnz5tvTHTSO', 'E1Ixpb8wAUrKHw2GmqkK', '1BcXCVUfWZ8BZrAYs7t1', '2tFsRxnuIYEzqygJNzXJ', 'ZD9vUY5YMH4cKhUAYkHl', 'S9lUwmllj6wBW8ucTPiQ', 'KhVsIeeTIRKZxnUcKJ8o', 'f62pFaYbBuiUO4VWQKFe')]
    time diff (ms) = 129.5022964477539 tid= 134638752224960
discarding closed connection: <psycopg.Connection [BAD] at 0x7a741ee98f50>
discarding closed connection: <psycopg.Connection [BAD] at 0x7a74064bb8f0>
discarding closed connection: <psycopg.Connection [BAD] at 0x7a741ee9a1b0>
discarding closed connection: <psycopg.Connection [BAD] at 0x7a741ee99a60>
error connecting in 'pool-1': connection failed: the database system is in recovery mode
error connecting in 'pool-1': connection failed: the database system is in recovery mode
error connecting in 'pool-1': connection failed: the database system is in recovery mode
error connecting in 'pool-1': connection failed: the database system is in recovery mode
error connecting in 'pool-1': connection failed: the database system is in recovery mode
Traceback (most recent call last):
  File "/work/ARIABC/AriaBC/scripts/generic-saicopg-traffic-load+logSkip-safedb+pg.py", line 246, in <module>
    for result in results:
  File "/usr/lib/python3.12/concurrent/futures/_base.py", line 619, in result_iterator
    yield _result_or_cancel(fs.pop())
          ^^^^^^^^^^^^^^^^^^^^^^^^^^^
  File "/usr/lib/python3.12/concurrent/futures/_base.py", line 317, in _result_or_cancel
    return fut.result(timeout)
           ^^^^^^^^^^^^^^^^^^^
  File "/usr/lib/python3.12/concurrent/futures/_base.py", line 451, in result
    self._condition.wait(timeout)
  File "/usr/lib/python3.12/threading.py", line 355, in wait
    waiter.acquire()
KeyboardInterrupt

During handling of the above exception, another exception occurred:

Traceback (most recent call last):
  File "/work/ARIABC/AriaBC/scripts/generic-saicopg-traffic-load+logSkip-safedb+pg.py", line 241, in <module>
    with ThreadPoolExecutor(max_workers= NUM) as execPool: 
    ^^^^^^^^^^^^^^^^^^^^^^^^^^^^^^^^^^^^^^^^^^^^^^^^^^^^^^
  File "/usr/lib/python3.12/concurrent/futures/_base.py", line 647, in __exit__
    self.shutdown(wait=True)
  File "/usr/lib/python3.12/concurrent/futures/thread.py", line 238, in shutdown
    t.join()
  File "/usr/lib/python3.12/threading.py", line 1147, in join
    self._wait_for_tstate_lock()
  File "/usr/lib/python3.12/threading.py", line 1167, in _wait_for_tstate_lock
    if lock.acquire(block, timeout):
       ^^^^^^^^^^^^^^^^^^^^^^^^^^^^
KeyboardInterrupt
Exception ignored in: <module 'threading' from '/usr/lib/python3.12/threading.py'>
Traceback (most recent call last):
  File "/usr/lib/python3.12/threading.py", line 1592, in _shutdown
    atexit_call()
  File "/usr/lib/python3.12/concurrent/futures/thread.py", line 31, in _python_exit
    t.join()
  File "/usr/lib/python3.12/threading.py", line 1147, in join
    self._wait_for_tstate_lock()
  File "/usr/lib/python3.12/threading.py", line 1167, in _wait_for_tstate_lock
    if lock.acquire(block, timeout):
       ^^^^^^^^^^^^^^^^^^^^^^^^^^^^
KeyboardInterrupt: 
