discarding closed connection: <psycopg.Connection [BAD] at 0x7181940b89b0>
discarding closed connection: <psycopg.Connection [BAD] at 0x718195a5caa0>
discarding closed connection: <psycopg.Connection [BAD] at 0x718195a5c9b0>
error connecting in 'pool-1': connection failed: could not connect to server: Connection refused
	Is the server running on host "127.0.0.1" and accepting
	TCP/IP connections on port 5438?
error connecting in 'pool-1': connection failed: could not connect to server: Connection refused
	Is the server running on host "127.0.0.1" and accepting
	TCP/IP connections on port 5438?
error connecting in 'pool-1': connection failed: could not connect to server: Connection refused
	Is the server running on host "127.0.0.1" and accepting
	TCP/IP connections on port 5438?
discarding closed connection: <psycopg.Connection [BAD] at 0x718195a5d820>
error connecting in 'pool-1': connection failed: could not connect to server: Connection refused
	Is the server running on host "127.0.0.1" and accepting
	TCP/IP connections on port 5438?
discarding closed connection: <psycopg.Connection [BAD] at 0x71818502db20>
error connecting in 'pool-1': connection failed: could not connect to server: Connection refused
	Is the server running on host "127.0.0.1" and accepting
	TCP/IP connections on port 5438?
error connecting in 'pool-1': connection failed: could not connect to server: Connection refused
	Is the server running on host "127.0.0.1" and accepting
	TCP/IP connections on port 5438?
error connecting in 'pool-1': connection failed: could not connect to server: Connection refused
	Is the server running on host "127.0.0.1" and accepting
	TCP/IP connections on port 5438?
error connecting in 'pool-1': connection failed: could not connect to server: Connection refused
	Is the server running on host "127.0.0.1" and accepting
	TCP/IP connections on port 5438?
error connecting in 'pool-1': connection failed: could not connect to server: Connection refused
	Is the server running on host "127.0.0.1" and accepting
	TCP/IP connections on port 5438?
error connecting in 'pool-1': connection failed: could not connect to server: Connection refused
	Is the server running on host "127.0.0.1" and accepting
	TCP/IP connections on port 5438?
error connecting in 'pool-1': connection failed: could not connect to server: Connection refused
	Is the server running on host "127.0.0.1" and accepting
	TCP/IP connections on port 5438?
error connecting in 'pool-1': connection failed: could not connect to server: Connection refused
	Is the server running on host "127.0.0.1" and accepting
	TCP/IP connections on port 5438?
error connecting in 'pool-1': connection failed: could not connect to server: Connection refused
	Is the server running on host "127.0.0.1" and accepting
	TCP/IP connections on port 5438?
error connecting in 'pool-1': connection failed: could not connect to server: Connection refused
	Is the server running on host "127.0.0.1" and accepting
	TCP/IP connections on port 5438?
error connecting in 'pool-1': connection failed: could not connect to server: Connection refused
	Is the server running on host "127.0.0.1" and accepting
	TCP/IP connections on port 5438?
error connecting in 'pool-1': connection failed: could not connect to server: Connection refused
	Is the server running on host "127.0.0.1" and accepting
	TCP/IP connections on port 5438?
error connecting in 'pool-1': connection failed: could not connect to server: Connection refused
	Is the server running on host "127.0.0.1" and accepting
	TCP/IP connections on port 5438?
error connecting in 'pool-1': connection failed: could not connect to server: Connection refused
	Is the server running on host "127.0.0.1" and accepting
	TCP/IP connections on port 5438?
error connecting in 'pool-1': connection failed: could not connect to server: Connection refused
	Is the server running on host "127.0.0.1" and accepting
	TCP/IP connections on port 5438?
error connecting in 'pool-1': connection failed: could not connect to server: Connection refused
	Is the server running on host "127.0.0.1" and accepting
	TCP/IP connections on port 5438?
error connecting in 'pool-1': connection failed: could not connect to server: Connection refused
	Is the server running on host "127.0.0.1" and accepting
	TCP/IP connections on port 5438?
error connecting in 'pool-1': connection failed: could not connect to server: Connection refused
	Is the server running on host "127.0.0.1" and accepting
	TCP/IP connections on port 5438?
error connecting in 'pool-1': connection failed: could not connect to server: Connection refused
	Is the server running on host "127.0.0.1" and accepting
	TCP/IP connections on port 5438?
error connecting in 'pool-1': connection failed: could not connect to server: Connection refused
	Is the server running on host "127.0.0.1" and accepting
	TCP/IP connections on port 5438?
error connecting in 'pool-1': connection failed: could not connect to server: Connection refused
	Is the server running on host "127.0.0.1" and accepting
	TCP/IP connections on port 5438?
error connecting in 'pool-1': connection failed: could not connect to server: Connection refused
	Is the server running on host "127.0.0.1" and accepting
	TCP/IP connections on port 5438?
error connecting in 'pool-1': connection failed: could not connect to server: Connection refused
	Is the server running on host "127.0.0.1" and accepting
	TCP/IP connections on port 5438?
error connecting in 'pool-1': connection failed: could not connect to server: Connection refused
	Is the server running on host "127.0.0.1" and accepting
	TCP/IP connections on port 5438?
error connecting in 'pool-1': connection failed: could not connect to server: Connection refused
	Is the server running on host "127.0.0.1" and accepting
	TCP/IP connections on port 5438?
error connecting in 'pool-1': connection failed: could not connect to server: Connection refused
	Is the server running on host "127.0.0.1" and accepting
	TCP/IP connections on port 5438?
 arg1 a2 ==  postgres ycsbtx-skew-01-24k-pt-intkey-sid-clean-20k.txt
 arg3 a4 pause ==  1 4 0.00125
next Tx = SELECT * FROM usertable WHERE YCSB_KEY=868;  
next Tx = SELECT * FROM usertable WHERE YCSB_KEY=831;  
next Tx = DELETE FROM usertable where YCSB_KEY=937;  
next Tx = SELECT * FROM usertable WHERE YCSB_KEY=835;  
next Tx = DELETE FROM usertable WHERE YCSB_KEY=874;  
next Tx = SELECT * FROM usertable WHERE YCSB_KEY=58;  
next Tx = SELECT * FROM usertable WHERE YCSB_KEY=684;  
next Tx = DELETE FROM usertable WHERE YCSB_KEY=449;  
next Tx = INSERT INTO usertable VALUES (12163,'OqY5xx2eTEDutKCCDSTV','swQJXPEgOiHeB1fm77Ao','via4xvmuNmyrv6hWnGK4','O00L1crRKE9QlkTHLtJI','uI2CBBh5oACp5Os5Gyla','09bjHnAcYAS3SHbjldQM','AVJhXak7XoPlCwG6vkWR','lB4cSftwnYWESeTjnrvK','KfqcDSGVNlw2bL80vbyy','v74hgLYGjZW5sj7UskCg');  
next Tx = SELECT * FROM usertable where YCSB_KEY=560;  
next Tx = DELETE FROM usertable WHERE YCSB_KEY=560;  
next Tx = DELETE FROM usertable WHERE YCSB_KEY=885;  
next Tx = SELECT * FROM usertable WHERE YCSB_KEY=447;  
next Tx = SELECT * FROM usertable WHERE YCSB_KEY=354;  
next Tx = SELECT * FROM usertable WHERE YCSB_KEY=714;  
next Tx = SELECT * FROM usertable WHERE YCSB_KEY=322;  
next Tx = INSERT INTO usertable (ycsb_key, FIELD10, FIELD1, FIELD2, FIELD3, FIELD4, FIELD5, FIELD6, FIELD7, FIELD8, FIELD9) VALUES (473, 'k77CYHi5b5Qdb11t0VAp', 'w45YL1P4JzDvRX5jIBvR', 'ao09GyExO9CvU83wNEuq', 'YhjlPeciNWWmlnSh1fvJ', 'UJAnn45lrRrXy315mshK', 'qdFfpeyDQz6jKhwZsAC0', 'OcMAMoYzrjkQxs7RVPiw', '5FZYEShrmPKCXBX637Au', 'MPlrrUpevxoBdqDVk7xv', 'JRvtYzROxwsdqVu4iEY0');  
next Tx = SELECT * FROM usertable WHERE YCSB_KEY=847;  
next Tx = SELECT * FROM usertable WHERE YCSB_KEY=258;  
next Tx = SELECT * FROM usertable WHERE YCSB_KEY=682;  
next Tx = SELECT * FROM usertable WHERE YCSB_KEY=979;  
next Tx = SELECT * FROM usertable WHERE YCSB_KEY=410;  
next Tx = DELETE FROM usertable WHERE YCSB_KEY=714;  
next Tx = INSERT INTO usertable (ycsb_key, FIELD10, FIELD1, FIELD2, FIELD3, FIELD4, FIELD5, FIELD6, FIELD7, FIELD8, FIELD9) VALUES (764, 'nMcgJOtSvWEXx8pcopDe', 'k5znGR90133NlmcDTQ2f', '7JqMPzSF2ksQKze4XZwO', '7urCkoRUO4Fhv1VAM0C0', 'ZlpeKVTxL4u7HUH99bG1', 'wBgDLNu8VfHVW23xZA6Y', 'iub2UyPJHdBZWsdZPFRm', 'WV39rJNiTkxAalWyNmnZ', '3UBFD2EId64hxwoL9jCy', '7Gc0jYLczoesyPYLKGtc');  
next Tx = DELETE FROM usertable WHERE YCSB_KEY=692;  
next Tx = SELECT * FROM usertable WHERE YCSB_KEY=701;  
next Tx = DELETE FROM usertable where YCSB_KEY=160;  
next Tx = SELECT * FROM usertable WHERE YCSB_KEY=786;  
next Tx = SELECT * FROM usertable WHERE YCSB_KEY=659;  
next Tx = SELECT * FROM usertable WHERE YCSB_KEY=242;  
next Tx = INSERT INTO usertable (ycsb_key, FIELD10, FIELD1, FIELD2, FIELD3, FIELD4, FIELD5, FIELD6, FIELD7, FIELD8, FIELD9) VALUES (872, 'B0ySDJjJrxcmdiLAB6i5', 'ZOC3miUVUPqT3P60nl13', 'f0CVrHAYNcHUxTxmgcMh', 'akwZQathKnBKfdLG4g02', 'xUqSqAD34JjxAFtjUmhx', 'rrQA7kzm8BRykIHruE89', 'c5xFzWug2T8FI1SVk3Id', 'M3ZCt7r1VZuT0OkJRiF7', 'k8Bxaa1lvOr5eSEfBPkh', '8hr3zT9irX9O60oZzPJL');  
next Tx = SELECT * FROM usertable WHERE YCSB_KEY=1278;  
next Tx = SELECT * FROM usertable WHERE YCSB_KEY=738;  
next Tx = SELECT * FROM usertable WHERE YCSB_KEY=814;  
next Tx = INSERT INTO usertable VALUES (12614,'uZE5L1rZdRDyL1ok4bbV','ODtJGyz2viGu90HMTSJ7','iR9Z7gIhBP41JGNSHYYk','fQlhsUtiHrL6ARER2B7B','N2W5EmN7tSyDaUmcEGQU','xi7xEEOJAxrIjIAMm6j4','hKutYfUll9foAbE7M9b7','S472hhw1m0JYYm1yYw1R','wRpllOpXI1IrkNDwUgaZ','ovj5p4YBZFyt7JLIK3ui');  
next Tx = SELECT * FROM usertable WHERE YCSB_KEY=895;  
next Tx = SELECT * FROM usertable where YCSB_KEY=548;  
next Tx = DELETE FROM usertable WHERE YCSB_KEY=548;  
next Tx = DELETE FROM usertable WHERE YCSB_KEY=843;  
next Tx = INSERT INTO usertable (ycsb_key, FIELD10, FIELD1, FIELD2, FIELD3, FIELD4, FIELD5, FIELD6, FIELD7, FIELD8, FIELD9) VALUES (235, 'uBiWXFPzbzlwO6a4hpP2', 'fppkk3v9VfrWvXhBvbUL', 'WEBNvmZImtsFaQk4w0AE', 'jvslX61qcBeYY4X63A3N', 'ELVWzmXBjv41DJVCh09A', 'CDV1V42R8jeF4P8gu3Dm', 'sA1Hi0fzOPzmpUlHd18j', 'pPWqZYauFNhLNzbwmcME', 'I8nV09yd1DRyJqs5UeBp', 'xc9tDQhKc6e3gSxirZH5');  
next Tx = SELECT * FROM usertable WHERE YCSB_KEY=778;  
next Tx = SELECT * FROM usertable WHERE YCSB_KEY=144;  
next Tx = SELECT * FROM usertable WHERE YCSB_KEY=833;  
Thread: ThreadPoolExecutor-0_0 | ID: 124801136383680 | seq: 1
timestamp1 = 1770977104.1927104 line= SELECT * FROM usertable WHERE YCSB_KEY=868;
Thread: ThreadPoolExecutor-0_1 | ID: 124801127990976 | seq: 2
timestamp1 = 1770977104.1929834 line= SELECT * FROM usertable WHERE YCSB_KEY=831;
Thread: ThreadPoolExecutor-0_2 | ID: 124801119598272 | seq: 3
timestamp1 = 1770977104.1931503 line= DELETE FROM usertable where YCSB_KEY=937;
Thread: ThreadPoolExecutor-0_3 | ID: 124801111205568 | seq: 4
timestamp1 = 1770977104.193425 line= SELECT * FROM usertable where YCSB_KEY=473;
  Retry 1/5 for qCount=3 tid=124801111205568 due to: consuming input failed: server closed the connection unexpectedly
	This probably means the server terminated abnormally
	before or while processing the request.
  Retry 1/5 for qCount=0 tid=124801136383680 due to: consuming input failed: server closed the connection unexpectedly
	This probably means the server terminated abnormally
	before or while processing the request.
  Retry 1/5 for qCount=2 tid=124801119598272 due to: consuming input failed: server closed the connection unexpectedly
	This probably means the server terminated abnormally
	before or while processing the request.
  Retry 1/5 for qCount=1 tid=124801127990976 due to: consuming input failed: server closed the connection unexpectedly
	This probably means the server terminated abnormally
	before or while processing the request.
  Retry 2/5 for qCount=3 tid=124801111205568 due to: terminating connection due to unexpected postmaster exit
Traceback (most recent call last):
  File "/work/ARIABC/AriaBC/scripts/generic-saicopg-traffic-load+logSkip-safedb+pg.py", line 233, in <module>
    for result in results:
  File "/usr/lib/python3.12/concurrent/futures/_base.py", line 619, in result_iterator
    yield _result_or_cancel(fs.pop())
          ^^^^^^^^^^^^^^^^^^^^^^^^^^^
  File "/usr/lib/python3.12/concurrent/futures/_base.py", line 317, in _result_or_cancel
    return fut.result(timeout)
Traceback (most recent call last):
Traceback (most recent call last):
Traceback (most recent call last):
  File "/work/ARIABC/AriaBC/scripts/generic-saicopg-traffic-load+logSkip-safedb+pg.py", line 110, in execTx
    with pool.connection() as conn:
  File "/work/ARIABC/AriaBC/scripts/generic-saicopg-traffic-load+logSkip-safedb+pg.py", line 110, in execTx
    with pool.connection() as conn:
  File "/work/ARIABC/AriaBC/scripts/generic-saicopg-traffic-load+logSkip-safedb+pg.py", line 110, in execTx
    with pool.connection() as conn:
  File "/usr/lib/python3.12/contextlib.py", line 137, in __enter__
    return next(self.gen)
           ^^^^^^^^^^^^^^
  File "/home/neel/.local/lib/python3.12/site-packages/psycopg_pool/pool.py", line 180, in connection
    conn = self.getconn(timeout=timeout)
           ^^^^^^^^^^^^^^^^^^^^^^^^^^^^^
           ^^^^^^^^^^^^^^^^^^^
  File "/usr/lib/python3.12/contextlib.py", line 137, in __enter__
    return next(self.gen)
           ^^^^^^^^^^^^^^
  File "/home/neel/.local/lib/python3.12/site-packages/psycopg_pool/pool.py", line 180, in connection
    conn = self.getconn(timeout=timeout)
           ^^^^^^^^^^^^^^^^^^^^^^^^^^^^^
  File "/home/neel/.local/lib/python3.12/site-packages/psycopg_pool/pool.py", line 210, in getconn
    return self._getconn_with_check_loop(deadline)
           ^^^^^^^^^^^^^^^^^^^^^^^^^^^^^^^^^^^^^^^
  File "/usr/lib/python3.12/concurrent/futures/_base.py", line 451, in result
Traceback (most recent call last):
  File "/home/neel/.local/lib/python3.12/site-packages/psycopg_pool/pool.py", line 210, in getconn
    return self._getconn_with_check_loop(deadline)
           ^^^^^^^^^^^^^^^^^^^^^^^^^^^^^^^^^^^^^^^
  File "/home/neel/.local/lib/python3.12/site-packages/psycopg_pool/pool.py", line 222, in _getconn_with_check_loop
    conn = self._getconn_unchecked(deadline - monotonic())
           ^^^^^^^^^^^^^^^^^^^^^^^^^^^^^^^^^^^^^^^^^^^^^^^
    self._condition.wait(timeout)
  File "/home/neel/.local/lib/python3.12/site-packages/psycopg_pool/pool.py", line 262, in _getconn_unchecked
    conn = pos.wait(timeout=timeout)
           ^^^^^^^^^^^^^^^^^^^^^^^^^
  File "/home/neel/.local/lib/python3.12/site-packages/psycopg_pool/pool.py", line 901, in wait
    raise self.error
  File "/usr/lib/python3.12/threading.py", line 355, in wait
  File "/usr/lib/python3.12/contextlib.py", line 137, in __enter__
    return next(self.gen)
           ^^^^^^^^^^^^^^
psycopg_pool.PoolClosed: the pool 'pool-1' is closed
Database error: the pool 'pool-1' is closed tid= 124801136383680
   chk rerun stoPro= SELECT * FROM usertable WHERE YCSB_KEY=868;
Database error: the pool 'pool-1' is closed tid= 124801127990976
   chk rerun stoPro= SELECT * FROM usertable WHERE YCSB_KEY=831;
Database error: the pool 'pool-1' is closed tid= 124801111205568
   chk rerun stoPro= SELECT * FROM usertable where YCSB_KEY=473;
Database error: the pool 'pool-1' is closed tid= 124801119598272
   chk rerun stoPro= DELETE FROM usertable where YCSB_KEY=937;
  File "/home/neel/.local/lib/python3.12/site-packages/psycopg_pool/pool.py", line 222, in _getconn_with_check_loop
    conn = self._getconn_unchecked(deadline - monotonic())
           ^^^^^^^^^^^^^^^^^^^^^^^^^^^^^^^^^^^^^^^^^^^^^^^
  File "/work/ARIABC/AriaBC/scripts/generic-saicopg-traffic-load+logSkip-safedb+pg.py", line 110, in execTx
    with pool.connection() as conn:
    waiter.acquire()
  File "/home/neel/.local/lib/python3.12/site-packages/psycopg_pool/pool.py", line 180, in connection
    conn = self.getconn(timeout=timeout)
           ^^^^^^^^^^^^^^^^^^^^^^^^^^^^^
  File "/home/neel/.local/lib/python3.12/site-packages/psycopg_pool/pool.py", line 262, in _getconn_unchecked
    conn = pos.wait(timeout=timeout)
           ^^^^^^^^^^^^^^^^^^^^^^^^^
  File "/usr/lib/python3.12/contextlib.py", line 137, in __enter__
    return next(self.gen)
           ^^^^^^^^^^^^^^
KeyboardInterrupt
  File "/home/neel/.local/lib/python3.12/site-packages/psycopg_pool/pool.py", line 901, in wait
    raise self.error

  File "/home/neel/.local/lib/python3.12/site-packages/psycopg_pool/pool.py", line 210, in getconn
    return self._getconn_with_check_loop(deadline)
           ^^^^^^^^^^^^^^^^^^^^^^^^^^^^^^^^^^^^^^^
During handling of the above exception, another exception occurred:
  File "/home/neel/.local/lib/python3.12/site-packages/psycopg_pool/pool.py", line 180, in connection
    conn = self.getconn(timeout=timeout)
           ^^^^^^^^^^^^^^^^^^^^^^^^^^^^^

psycopg_pool.PoolClosed: the pool 'pool-1' is closed
Traceback (most recent call last):
  File "/home/neel/.local/lib/python3.12/site-packages/psycopg_pool/pool.py", line 210, in getconn
    return self._getconn_with_check_loop(deadline)
           ^^^^^^^^^^^^^^^^^^^^^^^^^^^^^^^^^^^^^^^
  File "/work/ARIABC/AriaBC/scripts/generic-saicopg-traffic-load+logSkip-safedb+pg.py", line 228, in <module>
  File "/home/neel/.local/lib/python3.12/site-packages/psycopg_pool/pool.py", line 222, in _getconn_with_check_loop
    conn = self._getconn_unchecked(deadline - monotonic())
           ^^^^^^^^^^^^^^^^^^^^^^^^^^^^^^^^^^^^^^^^^^^^^^^
  File "/home/neel/.local/lib/python3.12/site-packages/psycopg_pool/pool.py", line 222, in _getconn_with_check_loop
    conn = self._getconn_unchecked(deadline - monotonic())
           ^^^^^^^^^^^^^^^^^^^^^^^^^^^^^^^^^^^^^^^^^^^^^^^
  File "/home/neel/.local/lib/python3.12/site-packages/psycopg_pool/pool.py", line 262, in _getconn_unchecked
    conn = pos.wait(timeout=timeout)
           ^^^^^^^^^^^^^^^^^^^^^^^^^
  File "/home/neel/.local/lib/python3.12/site-packages/psycopg_pool/pool.py", line 901, in wait
    raise self.error
  File "/home/neel/.local/lib/python3.12/site-packages/psycopg_pool/pool.py", line 262, in _getconn_unchecked
    conn = pos.wait(timeout=timeout)
           ^^^^^^^^^^^^^^^^^^^^^^^^^
  File "/home/neel/.local/lib/python3.12/site-packages/psycopg_pool/pool.py", line 901, in wait
    raise self.error
psycopg_pool.PoolClosed: the pool 'pool-1' is closed
    with ThreadPoolExecutor(max_workers= NUM) as execPool: 
psycopg_pool.PoolClosed: the pool 'pool-1' is closed
    ^^^^^^^^^^^^^^^^^^^^^^^^^^^^^^^^^^^^^^^^^^^^^^^^^^^^^^
  File "/usr/lib/python3.12/concurrent/futures/_base.py", line 647, in __exit__
    self.shutdown(wait=True)
  File "/usr/lib/python3.12/concurrent/futures/thread.py", line 238, in shutdown
    t.join()
  File "/usr/lib/python3.12/threading.py", line 1147, in join
    self._wait_for_tstate_lock()
  File "/usr/lib/python3.12/threading.py", line 1167, in _wait_for_tstate_lock
    if lock.acquire(block, timeout):
       ^^^^^^^^^^^^^^^^^^^^^^^^^^^^
KeyboardInterrupt
